<?xml version="1.0" encoding="UTF-8"?>
<testng-results ignored="0" total="1" passed="1" failed="0" skipped="0">
  <reporter-output>
  </reporter-output>
  <suite started-at="2024-05-11T20:54:34 BDT" name="Suite" finished-at="2024-05-11T20:55:10 BDT" duration-ms="35907">
    <groups>
    </groups>
    <test started-at="2024-05-11T20:54:34 BDT" name="Test" finished-at="2024-05-11T20:55:10 BDT" duration-ms="35907">
      <class name="testcases.HomePageTest">
        <test-method is-config="true" signature="setBrowser()[pri:0, instance:testcases.HomePageTest@1afd44cb]" started-at="2024-05-11T20:54:32 BDT" name="setBrowser" finished-at="2024-05-11T20:54:34 BDT" duration-ms="2402" status="PASS">
          <reporter-output>
          </reporter-output>
        </test-method> <!-- setBrowser -->
        <test-method signature="TestHomePageTitle()[pri:0, instance:testcases.HomePageTest@1afd44cb]" started-at="2024-05-11T20:54:35 BDT" name="TestHomePageTitle" finished-at="2024-05-11T20:55:10 BDT" duration-ms="35858" status="PASS">
          <reporter-output>
          </reporter-output>
        </test-method> <!-- TestHomePageTitle -->
        <test-method is-config="true" signature="quitBrowser()[pri:0, instance:testcases.HomePageTest@1afd44cb]" started-at="2024-05-11T20:55:10 BDT" name="quitBrowser" finished-at="2024-05-11T20:55:11 BDT" duration-ms="319" status="PASS">
          <reporter-output>
          </reporter-output>
        </test-method> <!-- quitBrowser -->
      </class> <!-- testcases.HomePageTest -->
    </test> <!-- Test -->
  </suite> <!-- Suite -->
</testng-results>
